4955
0 0 0 7
0 8 0 17
0 18 0 25
0 26 1 29
0 30 1 34
0 35 0 44
0 45 0 55
0 56 0 66
0 67 0 76
0 77 0 86
0 87 0 96
0 97 0 107
0 108 0 116
0 117 0 126
0 127 0 135
0 136 0 143
0 144 0 151
0 152 1 157
0 158 0 167
0 168 0 175
0 176 0 186
0 187 1 191
0 192 5 193
0 194 0 204
0 205 0 215
0 216 1 219
0 220 1 224
0 225 0 234
0 235 0 244
0 245 2 247
0 248 4 249
1 0 1 9
1 10 2 14
1 15 1 25
1 35 1 42
1 43 1 50
1 51 1 61
1 62 1 69
1 71 2 76
1 77 2 81
1 82 1 89
1 90 1 98
1 99 1 107
1 108 1 115
1 116 1 125
1 126 2 130
1 131 1 141
1 142 2 146
1 147 3 149
1 150 10 150
1 151 9 151
1 158 1 165
1 166 1 176
1 177 1 184
1 185 4 186
1 194 6 195
1 196 6 197
1 198 2 203
1 204 1 211
1 212 3 214
1 215 10 215
1 225 2 230
1 231 1 240
1 241 6 242
1 243 6 244
2 0 3 3
2 4 3 7
2 8 10 8
2 15 2 22
2 23 2 30
2 31 3 36
2 37 2 44
2 45 3 50
2 51 2 60
2 61 3 64
2 65 4 67
2 68 7 69
2 82 2 90
2 91 2 99
2 100 2 108
2 109 2 116
2 117 3 121
2 122 3 125
2 131 2 141
2 152 2 160
2 161 2 169
2 170 2 179
2 180 4 182
2 183 5 184
2 187 3 191
2 204 2 211
2 216 2 224
2 231 2 238
2 239 12 239
2 240 9 240
3 9 3 18
3 19 3 28
3 29 7 30
3 37 4 41
3 42 6 44
3 51 3 58
3 59 6 60
3 70 4 75
3 76 3 85
3 86 3 96
3 97 3 107
3 108 3 116
3 126 3 135
3 136 4 140
3 142 5 145
3 146 10 146
3 152 3 162
3 163 4 166
3 167 4 171
3 172 4 175
3 176 4 179
3 198 5 200
3 201 4 205
3 206 4 210
3 216 3 224
3 225 3 235
3 236 6 238
3 245 5 247
4 0 5 5
4 6 8 7
4 9 4 16
4 17 4 25
4 26 7 28
4 31 5 35
4 36 13 36
4 45 4 55
4 56 7 58
4 61 6 64
4 76 5 80
4 81 12 81
4 82 7 84
4 85 4 95
4 96 5 100
4 101 4 111
4 112 5 115
4 116 5 120
4 121 4 131
4 132 5 135
4 147 7 149
4 152 4 162
4 187 6 190
4 211 6 214
4 216 4 223
4 224 8 225
4 226 9 227
4 228 7 229
4 230 5 235
5 9 6 13
5 14 6 18
5 19 7 22
5 23 8 25
5 37 6 40
5 41 12 41
5 45 7 48
5 49 12 49
5 50 7 53
5 54 9 55
5 65 8 66
5 70 6 74
5 75 12 75
5 85 5 94
5 95 14 95
5 101 8 102
5 103 10 104
5 105 6 109
5 121 5 131
5 136 6 139
5 140 14 140
5 141 15 141
5 152 5 159
5 160 5 170
5 171 5 179
5 180 8 182
5 185 9 186
5 201 5 209
5 217 6 222
5 248 15 248
5 249 14 249
6 0 7 4
6 5 13 5
6 31 7 35
6 76 7 80
6 85 6 92
6 93 10 94
6 96 8 99
6 110 6 120
6 121 6 131
6 132 8 134
6 135 14 135
6 142 7 145
6 152 6 159
6 160 6 168
6 169 6 177
6 178 14 178
6 183 9 184
6 191 9 193
6 198 6 205
6 206 7 210
6 230 7 234
6 235 15 235
6 245 8 247
7 9 7 18
7 37 9 39
7 40 16 40
7 42 10 43
7 44 14 44
7 59 8 64
7 70 9 73
7 74 15 74
7 85 8 89
7 90 10 92
7 105 7 115
7 116 7 125
7 126 8 129
7 130 11 131
7 136 9 138
7 139 15 139
7 152 7 159
7 160 7 167
7 168 7 176
7 187 8 190
7 194 8 197
7 198 8 202
7 203 9 205
7 211 8 214
7 216 7 223
7 236 10 238
7 241 12 242
7 243 17 243
7 244 15 244
8 0 10 3
8 9 8 16
8 17 9 21
8 22 15 22
8 26 8 35
8 45 10 48
8 50 10 53
8 56 11 58
8 67 10 69
8 76 9 80
8 82 10 84
8 105 8 114
8 115 8 122
8 123 10 125
8 142 13 143
8 144 13 145
8 147 11 149
8 152 8 161
8 162 8 170
8 171 9 176
8 177 18 177
8 206 9 210
8 216 9 221
8 228 9 233
9 6 12 7
9 9 9 16
9 23 9 30
9 31 10 35
9 59 10 64
9 65 13 66
9 85 10 88
9 89 17 89
9 96 10 101
9 102 17 102
9 105 9 113
9 114 10 117
9 118 10 121
9 122 16 122
9 126 11 129
9 132 12 134
9 152 10 156
9 157 9 166
9 167 10 170
9 179 11 182
9 187 11 189
9 194 10 197
9 198 10 202
9 211 12 213
9 214 17 214
9 222 10 225
9 234 19 234
9 245 11 247
10 9 10 17
10 18 12 21
10 23 15 24
10 25 11 30
10 38 15 39
10 54 14 55
10 70 11 73
10 76 11 80
10 105 11 109
10 110 11 113
10 136 12 138
10 151 20 151
10 157 10 166
10 171 11 174
10 175 13 176
10 183 12 186
10 190 12 192
10 193 20 193
10 203 11 207
10 208 12 210
10 216 11 219
10 221 18 221
10 226 10 233
10 240 18 240
11 0 12 4
11 8 11 15
11 16 21 16
11 17 19 17
11 31 12 35
11 42 14 43
11 45 13 48
11 50 19 50
11 51 14 53
11 59 12 64
11 67 13 69
11 82 12 87
11 88 19 88
11 90 12 94
11 96 12 100
11 101 19 101
11 104 20 104
11 114 12 118
11 119 16 120
11 121 20 121
11 123 13 125
11 146 18 146
11 150 20 150
11 152 12 156
11 157 19 157
11 158 11 168
11 169 16 170
11 194 12 198
11 199 13 202
11 215 21 215
11 222 11 230
11 231 14 233
11 236 13 238
12 8 12 15
12 25 13 28
12 29 16 30
12 37 22 37
12 56 15 57
12 58 19 58
12 70 14 73
12 76 15 77
12 79 17 80
12 105 12 112
12 113 21 113
12 126 13 131
12 147 14 149
12 158 19 158
12 159 15 161
12 162 13 165
12 166 16 167
12 171 14 174
12 179 14 182
12 187 15 189
12 203 13 206
12 207 21 207
12 216 14 218
12 219 20 219
12 222 14 225
12 227 14 230
12 245 15 247
13 0 14 4
13 6 14 9
13 10 14 13
13 14 16 15
13 18 14 21
13 31 14 35
13 41 21 41
13 49 23 49
13 59 14 63
13 81 17 82
13 83 14 87
13 90 14 94
13 96 16 98
13 99 16 100
13 105 13 112
13 114 14 117
13 118 22 118
13 132 15 134
13 136 15 138
13 152 16 154
13 155 18 156
13 184 16 186
13 190 16 192
13 194 14 198
13 208 14 211
13 212 18 213
13 239 21 239
13 241 18 242
14 5 24 5
14 25 16 27
14 36 21 36
14 45 16 47
14 48 23 48
14 64 15 67
14 68 17 69
14 103 24 103
14 105 16 107
14 108 16 111
14 112 22 112
14 123 15 127
14 128 16 130
14 131 24 131
14 142 15 145
14 162 17 164
14 165 21 165
14 168 24 168
14 175 19 176
14 199 16 202
14 203 17 205
14 236 17 238
15 0 16 3
15 4 24 4
15 6 16 10
15 11 17 13
15 18 17 21
15 31 16 35
15 42 17 44
15 51 16 54
15 55 23 55
15 59 16 62
15 63 23 63
15 70 16 73
15 83 20 84
15 85 18 86
15 87 25 87
15 90 16 95
15 114 17 116
15 135 22 135
15 140 23 140
15 147 18 149
15 171 17 174
15 178 16 183
15 194 16 197
15 198 22 198
15 206 25 206
15 208 17 211
15 216 17 218
15 220 25 220
15 222 16 225
15 226 16 229
15 230 22 230
15 232 19 233
15 249 23 249
16 22 18 24
16 38 19 39
16 56 20 57
16 64 17 67
16 74 18 77
16 78 26 78
16 123 17 127
16 132 18 134
16 136 18 139
16 141 18 143
16 144 21 145
16 159 19 160
16 161 26 161
16 187 19 188
16 189 23 189
16 235 26 235
16 244 17 248
17 0 18 3
17 6 18 10
17 14 22 15
17 25 17 32
17 33 25 33
17 34 26 34
17 35 25 35
17 40 24 40
17 45 19 47
17 51 19 54
17 59 19 62
17 70 19 73
17 90 17 97
17 98 22 99
17 100 24 100
17 105 18 109
17 110 21 111
17 119 20 120
17 122 26 122
17 128 19 130
17 152 19 154
17 166 24 166
17 169 20 170
17 178 17 185
17 190 19 192
17 194 19 196
17 199 19 202
17 222 17 229
18 11 21 13
18 18 19 21
18 25 19 30
18 31 28 31
18 32 28 32
18 42 20 44
18 64 19 68
18 79 20 81
18 82 26 82
18 89 19 92
18 93 23 94
18 95 26 95
18 96 22 97
18 102 28 102
18 114 20 117
18 123 19 127
18 162 20 164
18 167 28 167
18 171 19 174
18 178 18 186
18 203 21 204
18 205 27 205
18 208 21 210
18 216 21 218
18 222 18 229
18 236 21 238
18 243 19 246
18 247 22 248
19 0 20 3
19 6 20 9
19 10 26 10
19 22 21 24
19 74 21 76
19 77 26 77
19 85 22 86
19 105 20 109
19 132 22 134
19 136 21 139
19 141 23 142
19 143 27 143
19 146 21 149
19 155 24 156
19 177 19 186
19 211 21 213
19 221 20 226
19 227 22 228
19 229 29 229
19 240 22 241
20 17 21 20
20 25 21 30
20 38 24 39
20 45 25 46
20 47 30 47
20 50 22 53
20 54 27 54
20 58 22 60
20 61 23 62
20 64 20 72
20 73 28 73
20 88 21 92
20 101 27 101
20 123 21 126
20 127 22 130
20 152 24 153
20 157 22 160
20 171 20 178
20 179 20 186
20 187 24 188
20 190 22 192
20 194 28 194
20 195 23 197
20 199 22 201
20 202 28 202
20 231 22 233
20 234 27 234
20 242 21 246
21 0 22 3
21 6 24 8
21 42 24 44
21 56 25 57
21 64 21 71
21 72 31 72
21 79 23 81
21 84 30 84
21 104 22 108
21 109 29 109
21 114 22 117
21 119 23 121
21 150 24 151
21 162 24 163
21 169 21 176
21 177 21 186
21 193 28 193
21 221 22 224
21 225 26 226
22 9 32 9
22 11 26 12
22 13 29 13
22 16 22 23
22 24 23 27
22 30 30 30
22 36 29 36
22 41 29 41
22 64 23 67
22 68 23 71
22 74 25 75
22 76 29 76
22 88 24 91
22 92 30 92
22 110 27 111
22 113 30 113
22 123 27 124
22 125 26 126
22 136 24 139
22 144 23 147
22 148 26 149
22 154 32 154
22 164 25 165
22 169 25 171
22 172 22 180
22 181 23 184
22 185 25 186
22 203 25 204
22 207 22 215
22 216 24 218
22 219 32 219
22 236 24 238
22 239 29 239
22 242 23 245
22 246 32 246
23 0 28 1
23 3 33 3
23 14 23 21
23 22 28 23
23 37 30 37
23 50 25 53
23 58 25 60
23 85 26 86
23 96 25 99
23 104 25 107
23 112 30 112
23 114 25 116
23 117 27 118
23 127 25 130
23 132 25 135
23 157 26 159
23 172 23 180
23 190 25 192
23 198 24 201
23 207 23 214
23 221 24 224
23 227 28 228
23 230 24 233
23 240 28 241
23 247 27 248
24 14 25 18
24 19 27 20
24 21 34 21
24 24 25 28
24 48 31 48
24 49 32 49
24 61 24 70
24 71 32 71
24 79 26 81
24 93 27 94
24 119 28 120
24 121 34 121
24 140 26 142
24 144 26 147
24 172 26 175
24 176 25 180
24 181 26 183
24 184 33 184
24 189 31 189
24 195 28 196
24 197 31 197
24 207 24 214
24 215 34 215
24 242 25 245
24 249 34 249
25 4 26 8
25 38 30 39
25 40 34 40
25 42 28 44
25 55 35 55
25 61 26 64
25 65 26 68
25 69 29 70
25 88 28 90
25 91 33 91
25 100 32 100
25 103 34 103
25 108 35 108
25 136 26 139
25 150 27 152
25 153 32 153
25 155 30 156
25 162 33 162
25 163 34 163
25 166 34 166
25 168 33 168
25 187 29 188
25 198 27 201
25 207 26 210
25 211 27 214
25 216 27 218
25 221 26 224
25 230 27 233
25 236 28 238
26 14 27 18
26 24 27 28
26 33 35 33
26 45 30 46
26 50 28 52
26 53 35 53
26 56 27 59
26 60 36 60
26 74 31 75
26 87 35 87
26 96 29 98
26 104 28 107
26 114 31 115
26 116 35 116
26 127 26 134
26 135 34 135
26 164 29 165
26 169 29 171
26 176 28 179
26 180 33 180
26 185 29 186
26 190 29 192
26 203 31 204
26 206 34 206
26 220 33 220
26 242 28 245
27 2 37 2
27 4 28 7
27 10 29 12
27 34 36 34
27 61 27 68
27 77 28 80
27 82 36 82
27 83 37 83
27 85 32 86
27 95 34 95
27 122 37 122
27 125 27 132
27 133 32 134
27 136 32 137
27 138 28 142
27 144 29 146
27 147 30 149
27 157 28 161
27 172 29 175
27 181 30 183
27 207 29 209
27 210 34 210
27 221 28 226
28 14 29 19
28 20 37 20
28 24 29 27
28 28 31 29
28 54 37 54
28 56 30 59
28 61 29 65
28 67 38 67
28 68 37 68
28 93 32 94
28 101 35 101
28 110 32 111
28 117 31 118
28 124 33 125
28 126 33 127
28 128 31 130
28 131 33 132
28 150 30 152
28 198 30 200
28 201 36 201
28 205 38 205
28 211 30 213
28 214 38 214
28 216 30 218
28 230 29 234
28 235 38 235
28 248 38 248
29 0 34 1
29 4 30 7
29 22 32 23
29 31 33 32
29 42 32 43
29 44 36 44
29 50 31 52
29 66 39 66
29 73 38 73
29 77 31 79
29 80 33 81
29 88 31 90
29 99 39 99
29 102 37 102
29 104 31 107
29 119 34 120
29 123 39 123
29 138 30 143
29 157 31 160
29 167 37 167
29 176 31 178
29 179 37 179
29 193 31 195
29 196 38 196
29 202 39 202
29 221 29 228
29 236 31 238
29 240 32 241
29 242 38 242
29 243 34 244
29 245 39 245
29 247 39 247
30 8 40 8
30 10 30 18
30 19 37 19
30 24 32 26
30 27 40 27
30 35 33 36
30 41 37 41
30 61 31 65
30 69 34 70
30 76 37 76
30 96 33 98
30 109 37 109
30 144 32 146
30 165 39 165
30 169 31 173
30 174 37 174
30 185 31 188
30 190 39 190
30 191 38 191
30 192 40 192
30 207 38 207
30 208 40 208
30 209 39 209
30 221 30 229
30 230 31 233
30 234 38 234
30 239 38 239
31 4 36 5
31 6 40 6
31 7 39 7
31 10 31 17
31 18 38 18
31 30 38 30
31 37 34 39
31 45 33 47
31 56 33 58
31 59 40 59
31 84 40 84
31 92 38 92
31 112 39 112
31 138 32 142
31 143 39 143
31 147 32 151
31 152 40 152
31 155 34 156
31 181 34 183
31 198 36 199
31 200 41 200
31 211 33 213
31 216 33 218
31 221 31 228
31 229 39 229
32 10 33 13
32 14 34 16
32 17 42 17
32 28 36 29
32 48 39 48
32 50 34 52
32 61 33 64
32 65 40 65
32 72 39 72
32 74 37 75
32 77 35 79
32 88 35 89
32 104 41 104
32 105 37 106
32 107 39 107
32 113 34 115
32 117 37 118
32 128 35 130
32 157 33 161
32 164 42 164
32 169 33 173
32 175 33 178
32 185 33 188
32 193 34 195
32 197 39 197
32 203 36 204
32 221 33 226
32 227 36 228
32 230 33 233
32 236 34 238
33 9 41 9
33 22 34 26
33 42 36 43
33 49 40 49
33 85 37 86
33 93 37 94
33 100 43 100
33 110 43 110
33 111 41 111
33 133 38 134
33 136 34 140
33 141 37 142
33 144 34 148
33 149 35 151
33 154 40 154
33 219 42 219
33 240 36 241
33 246 41 246
34 3 44 3
34 10 35 13
34 31 37 32
34 35 39 36
34 47 41 47
34 56 36 58
34 61 35 64
34 80 37 81
34 90 38 91
34 97 42 97
34 98 41 98
34 124 35 127
34 131 39 132
34 157 35 160
34 161 39 162
34 168 35 171
34 172 39 173
34 175 38 176
34 177 38 178
34 180 42 180
34 184 37 186
34 187 37 189
34 211 36 213
34 216 36 218
34 220 35 225
34 226 43 226
34 230 35 233
35 0 39 1
35 14 38 16
35 21 36 25
35 26 45 26
35 37 37 39
35 50 37 52
35 69 38 71
35 95 44 95
35 103 44 103
35 114 45 114
35 119 37 121
35 135 36 139
35 140 44 140
35 144 36 147
35 148 42 148
35 155 38 156
35 163 43 163
35 166 43 166
35 181 38 183
35 193 38 195
35 206 44 206
35 210 43 210
35 215 44 215
35 236 38 237
35 238 44 238
35 243 40 244
35 249 44 249
36 10 38 12
36 13 43 13
36 33 44 33
36 45 41 46
36 53 45 53
36 55 44 55
36 61 38 64
36 77 39 79
36 87 38 89
36 101 43 101
36 108 44 108
36 115 41 116
36 124 37 129
36 130 43 130
36 149 38 151
36 157 38 160
36 168 38 171
36 220 38 223
36 224 45 224
36 230 38 232
36 233 43 233
37 4 41 5
37 21 38 25
37 28 41 29
37 34 44 34
37 42 40 44
37 56 39 58
37 60 45 60
37 135 38 139
37 144 39 146
37 147 44 147
37 198 41 199
37 201 47 201
37 203 41 204
37 211 46 211
37 213 45 213
37 216 39 218
37 227 42 228
37 240 41 241
38 2 46 2
38 19 41 20
38 31 42 32
38 37 39 41
38 50 41 51
38 52 45 52
38 54 46 54
38 68 45 68
38 74 42 75
38 80 39 83
38 85 43 86
38 93 42 94
38 102 45 102
38 105 42 106
38 109 46 109
38 113 48 113
38 117 39 121
38 122 45 122
38 124 39 128
38 141 48 141
38 142 47 142
38 167 47 167
38 179 45 179
38 184 39 188
38 225 48 225
39 10 41 12
39 14 41 16
39 18 47 18
39 21 40 25
39 61 41 64
39 67 46 67
39 69 42 71
39 76 49 76
39 87 40 91
39 92 46 92
39 129 49 129
39 133 40 138
39 139 47 139
39 149 41 151
39 155 40 158
39 159 43 160
39 168 41 170
39 171 47 171
39 174 41 176
39 177 48 177
39 181 48 181
39 191 46 191
39 193 41 196
39 205 47 205
39 207 46 207
39 214 46 214
39 220 40 223
39 230 41 232
39 234 41 236
39 237 48 237
39 242 46 242
39 248 48 248
40 1 48 1
40 7 49 7
40 30 50 30
40 35 41 38
40 39 47 39
40 40 49 40
40 41 49 41
40 57 45 58
40 72 44 73
40 77 41 81
40 82 49 82
40 83 49 83
40 96 50 96
40 99 49 99
40 107 47 107
40 112 49 112
40 117 42 120
40 121 50 121
40 123 43 125
40 126 48 126
40 128 47 128
40 131 44 132
40 144 49 144
40 145 44 146
40 153 50 153
40 161 48 161
40 162 49 162
40 165 48 165
40 172 45 173
40 178 50 178
40 182 40 189
40 190 50 190
40 197 49 197
40 218 49 218
40 229 50 229
40 245 48 245
40 247 50 247
41 6 48 6
41 21 42 24
41 25 49 25
41 27 48 27
41 42 43 44
41 48 46 49
41 59 48 59
41 65 49 65
41 84 50 84
41 87 42 91
41 133 42 137
41 138 48 138
41 152 49 152
41 154 42 158
41 182 41 189
41 192 51 192
41 208 45 209
41 212 51 212
41 220 43 222
41 243 45 244
42 4 46 5
42 8 44 10
42 11 45 12
42 14 45 16
42 19 47 20
42 28 46 29
42 35 44 37
42 38 49 38
42 45 50 45
42 46 47 47
42 50 46 51
42 61 44 63
42 64 49 64
42 66 52 66
42 77 43 81
42 98 51 98
42 104 50 104
42 111 51 111
42 115 45 116
42 150 47 151
42 168 44 170
42 174 44 176
42 182 43 186
42 187 46 188
42 189 50 189
42 193 43 196
42 198 44 200
42 202 45 203
42 204 51 204
42 223 52 223
42 230 45 231
42 232 50 232
42 234 44 236
42 239 47 240
42 241 52 241
42 246 49 246
43 0 53 0
43 17 53 17
43 21 45 24
43 31 46 32
43 69 45 71
43 74 46 75
43 87 44 91
43 93 46 94
43 105 47 106
43 117 48 118
43 119 47 120
43 127 53 127
43 133 44 137
43 148 47 149
43 154 45 156
43 157 47 158
43 164 50 164
43 180 52 180
43 216 53 216
43 227 47 228
44 13 53 13
44 42 46 44
44 77 45 81
44 85 48 86
44 97 54 97
44 100 48 101
44 110 52 110
44 123 46 125
44 159 48 160
44 163 52 163
44 166 53 166
44 182 45 186
44 193 45 196
44 219 46 221
44 222 54 222
44 226 51 226
44 233 52 233
45 3 52 3
45 8 47 10
45 33 46 37
45 55 55 55
45 61 48 63
45 72 49 73
45 87 47 90
45 91 52 91
45 95 52 95
45 103 54 103
45 108 52 108
45 130 46 134
45 135 47 137
45 140 52 140
45 145 48 147
45 168 47 170
45 174 47 176
45 198 47 200
45 206 52 206
45 215 52 215
45 234 55 234
45 235 53 235
45 236 55 236
45 238 52 238
46 11 49 12
46 14 49 16
46 21 48 23
46 26 53 26
46 56 51 57
46 60 53 60
46 68 48 71
46 77 48 80
46 81 55 81
46 114 49 116
46 122 56 122
46 154 48 156
46 172 51 173
46 179 53 179
46 182 47 185
46 186 56 186
46 193 47 196
46 203 54 203
46 208 54 208
46 213 53 213
46 224 55 224
46 230 49 231
47 2 57 2
47 4 50 5
47 28 52 29
47 31 48 35
47 36 50 37
47 42 49 44
47 48 48 52
47 53 57 53
47 67 56 67
47 74 50 75
47 92 49 94
47 109 55 109
47 123 49 125
47 130 49 133
47 134 54 134
47 187 52 188
47 191 54 191
47 210 51 211
47 214 55 214
47 217 57 217
47 219 49 221
47 242 55 242
47 244 57 244
48 8 50 10
48 18 52 19
48 39 55 39
48 46 52 47
48 87 50 89
48 90 55 90
48 105 52 106
48 107 57 107
48 119 51 120
48 128 57 128
48 135 50 137
48 139 55 139
48 142 52 143
48 148 50 150
48 151 55 151
48 157 51 158
48 167 49 170
48 171 55 171
48 174 50 176
48 182 49 185
48 193 50 195
48 196 58 196
48 198 49 202
48 205 58 205
49 1 56 1
49 6 56 6
49 20 51 23
49 24 59 24
49 27 57 27
49 31 50 35
49 48 51 51
49 52 59 52
49 58 53 59
49 61 52 63
49 68 51 70
49 71 56 71
49 77 51 79
49 80 57 80
49 85 53 86
49 100 54 101
49 113 57 113
49 117 52 118
49 138 56 138
49 145 52 146
49 147 59 147
49 154 54 155
49 159 51 161
49 165 57 165
49 177 58 177
49 225 57 225
49 227 54 228
49 248 52 249
50 7 59 7
50 11 55 12
50 14 52 16
50 25 58 25
50 38 57 38
50 40 51 43
50 44 60 44
50 54 60 54
50 64 53 65
50 72 55 73
50 76 57 76
50 82 53 83
50 92 52 94
50 99 58 99
50 112 59 112
50 114 52 116
50 123 52 126
50 129 51 133
50 144 57 144
50 162 57 162
50 167 51 170
50 181 51 185
50 197 51 200
50 201 53 202
50 218 52 220
50 221 58 221
50 230 54 231
50 245 53 246
51 4 55 5
51 8 54 9
51 10 60 10
51 30 52 34
51 35 53 37
51 74 54 75
51 84 60 84
51 87 54 89
51 96 61 96
51 102 61 102
51 104 58 104
51 135 54 137
51 148 53 150
51 153 59 153
51 164 60 164
51 174 53 176
51 178 60 178
51 193 54 195
51 209 61 209
51 229 59 229
51 232 58 232
51 247 59 247
52 20 54 22
52 23 62 23
52 40 54 43
52 45 62 45
52 48 54 50
52 51 61 51
52 56 55 57
52 68 56 69
52 77 54 79
52 111 59 111
52 119 54 121
52 129 53 133
52 156 54 159
52 160 56 161
52 167 53 170
52 172 61 172
52 173 62 173
52 181 54 184
52 185 60 185
52 189 62 189
52 192 59 192
52 197 54 199
52 200 61 200
52 204 59 204
52 210 55 212
52 237 62 237
52 239 62 239
53 3 62 3
53 14 56 16
53 19 61 19
53 28 54 32
53 33 57 34
53 46 56 47
53 61 57 62
53 63 62 63
53 66 63 66
53 91 54 94
53 95 60 95
53 105 56 106
53 108 63 108
53 110 62 110
53 114 54 118
53 123 55 126
53 140 55 143
53 145 57 146
53 163 60 163
53 187 56 188
53 206 58 207
53 215 60 215
53 218 55 220
53 223 60 223
53 226 63 226
53 233 61 233
53 238 63 238
53 240 56 241
53 248 56 249
54 0 63 0
54 17 58 18
54 35 57 37
54 58 57 59
54 60 61 60
54 64 57 65
54 82 57 83
54 85 59 86
54 127 62 127
54 129 55 132
54 133 61 133
54 148 57 150
54 166 55 170
54 174 56 176
54 180 64 180
54 201 57 202
54 213 61 213
54 235 61 235
54 246 64 246
55 8 59 9
55 20 57 22
55 28 56 31
55 32 62 32
55 40 56 43
55 48 64 48
55 49 60 50
55 74 59 75
55 77 57 79
55 87 59 88
55 89 65 89
55 91 56 94
55 97 58 98
55 100 58 101
55 103 65 103
55 114 56 117
55 118 57 121
55 134 57 137
55 154 56 157
55 158 60 159
55 179 65 179
55 181 57 183
55 184 64 184
55 191 65 191
55 193 58 195
55 197 57 199
55 203 62 203
55 208 62 208
55 222 63 222
55 227 60 228
55 230 64 230
56 4 60 5
56 11 58 13
56 39 66 39
56 55 58 57
56 72 60 73
56 81 66 81
56 90 64 90
56 109 64 109
56 123 58 125
56 126 64 126
56 129 58 131
56 139 58 141
56 142 59 143
56 151 66 151
56 152 66 152
56 166 57 170
56 190 66 190
56 210 58 212
56 214 64 214
56 218 58 220
56 224 64 224
56 242 64 242
57 14 59 16
57 28 62 29
57 31 64 31
57 40 59 42
57 46 65 46
57 47 65 47
57 67 58 70
57 71 64 71
57 91 62 92
57 93 62 94
57 105 62 106
57 114 59 116
57 117 66 117
57 122 66 122
57 132 67 132
57 154 59 156
57 157 66 157
57 161 64 161
57 171 67 171
57 174 62 175
57 176 66 176
57 186 60 188
57 216 67 216
57 234 67 234
57 241 65 241
57 243 67 243
57 248 61 249
58 2 65 2
58 20 61 22
58 26 61 27
58 33 59 37
58 53 68 53
58 58 61 59
58 61 62 62
58 64 62 65
58 76 59 80
58 82 63 83
58 107 66 107
58 113 66 113
58 118 60 120
58 121 68 121
58 134 60 137
58 138 68 138
58 144 60 146
58 149 67 149
58 150 65 150
58 160 68 160
58 162 68 162
58 165 66 165
58 166 60 169
58 181 60 183
58 197 61 198
58 201 63 202
58 217 66 217
58 225 67 225
58 231 68 231
58 244 61 245
59 11 61 13
59 17 62 18
59 25 68 25
59 55 62 57
59 67 61 70
59 97 61 100
59 101 66 101
59 104 67 104
59 123 61 125
59 128 61 130
59 131 66 131
59 139 62 141
59 177 66 177
59 193 61 196
59 199 69 199
59 205 62 206
59 207 69 207
59 210 61 212
59 218 61 221
59 232 67 232
59 240 69 240
60 6 62 8
60 9 68 9
60 14 65 15
60 16 69 16
60 24 69 24
60 30 70 30
60 33 61 36
60 37 65 38
60 40 62 42
60 52 69 52
60 74 61 78
60 79 63 80
60 85 61 88
60 111 65 112
60 114 65 115
60 142 63 143
60 147 65 148
60 153 62 155
60 156 68 156
60 204 68 204
60 229 70 229
60 247 67 247
61 4 71 4
61 5 70 5
61 43 64 44
61 49 66 50
61 72 65 73
61 95 68 95
61 118 64 119
61 120 68 120
61 134 63 136
61 137 69 137
61 144 63 146
61 158 64 159
61 163 65 164
61 166 62 170
61 178 69 178
61 181 64 183
61 185 62 188
61 215 71 215
61 223 68 223
61 227 66 228
62 1 72 1
62 10 63 13
62 19 64 22
62 26 66 27
62 33 64 35
62 36 71 36
62 58 65 60
62 67 63 70
62 74 65 76
62 77 67 78
62 84 64 86
62 87 67 88
62 96 63 100
62 102 70 102
62 123 64 125
62 129 67 130
62 133 70 133
62 172 69 172
62 192 63 197
62 209 63 212
62 213 69 213
62 218 64 221
62 233 69 233
62 244 69 244
62 245 70 245
62 248 65 249
63 3 70 3
63 6 66 8
63 17 68 18
63 28 68 29
63 40 72 40
63 42 70 42
63 45 70 45
63 54 65 56
63 57 70 57
63 61 65 63
63 64 67 65
63 91 65 94
63 105 67 106
63 110 72 110
63 116 73 116
63 127 67 128
63 139 65 141
63 153 65 155
63 166 64 170
63 173 66 174
63 185 64 189
63 200 73 200
63 203 70 203
63 205 66 206
63 208 70 208
64 0 72 0
64 10 65 13
64 32 74 32
64 51 74 51
64 66 65 70
64 79 68 80
64 82 68 83
64 96 65 100
64 108 74 108
64 134 67 136
64 142 65 146
64 175 74 175
64 192 65 195
64 196 69 197
64 201 68 202
64 209 65 212
64 226 73 226
64 235 74 235
64 237 68 238
65 19 67 21
65 22 70 23
65 31 72 31
65 33 67 35
65 41 75 41
65 44 73 44
65 48 75 48
65 71 72 71
65 84 67 86
65 90 75 90
65 109 72 109
65 118 69 119
65 123 67 125
65 126 72 126
65 158 69 159
65 161 72 161
65 166 66 169
65 180 65 188
65 214 72 214
65 218 67 220
65 221 70 222
65 224 74 224
65 230 75 230
65 242 72 242
65 246 73 246
66 2 75 2
66 10 67 14
66 15 73 15
66 37 76 37
66 38 73 38
66 46 69 47
66 54 69 55
66 56 75 56
66 58 67 63
66 66 68 69
66 72 67 76
66 89 74 89
66 91 68 93
66 96 68 99
66 103 73 103
66 111 70 112
66 114 70 115
66 139 66 146
66 147 69 148
66 153 68 155
66 163 69 164
66 179 67 182
66 183 67 187
66 188 69 189
66 191 67 195
66 209 68 211
66 212 75 212
66 241 74 241
66 248 69 249
67 6 70 8
67 26 70 27
67 39 74 39
67 49 71 50
67 81 76 81
67 100 70 101
67 107 74 107
67 117 76 117
67 122 75 122
67 139 67 146
67 150 72 151
67 152 74 152
67 157 75 157
67 165 68 170
67 173 71 174
67 176 70 177
67 190 76 190
67 205 72 206
67 217 77 217
67 227 71 228
68 10 69 14
68 19 71 20
68 33 70 35
68 58 68 65
68 72 69 77
68 78 75 78
68 84 69 88
68 105 73 106
68 113 78 113
68 123 72 124
68 127 69 131
68 132 78 132
68 134 72 135
68 139 68 146
68 149 75 149
68 171 75 171
68 179 69 184
68 185 73 186
68 187 77 187
68 191 69 195
68 198 78 198
68 216 78 216
68 218 71 220
68 225 77 225
68 232 77 232
68 234 76 234
68 236 78 236
68 243 76 243
68 247 77 247
69 9 77 9
69 17 73 18
69 25 76 25
69 28 72 29
69 53 78 53
69 58 69 66
69 67 72 69
69 79 74 80
69 82 73 83
69 91 70 95
69 96 71 99
69 120 72 121
69 136 79 136
69 138 70 142
69 143 71 145
69 153 74 154
69 156 79 156
69 165 70 170
69 201 73 202
69 204 76 204
69 209 71 211
69 223 79 223
69 231 78 231
69 237 73 238
70 10 72 12
70 14 80 14
70 16 77 16
70 21 80 21
70 24 79 24
70 47 77 47
70 52 80 52
70 54 74 55
70 58 71 62
70 63 71 66
70 72 71 75
70 76 74 77
70 84 72 87
70 88 78 88
70 118 77 118
70 125 80 125
70 127 72 129
70 130 73 131
70 137 77 137
70 146 72 148
70 158 80 158
70 159 75 160
70 162 73 163
70 172 78 172
70 178 71 182
70 183 73 184
70 188 74 189
70 191 71 195
70 196 75 197
70 207 79 207
70 213 77 213
70 233 80 233
70 248 74 249
71 3 80 3
71 5 73 7
71 8 78 8
71 22 75 23
71 33 76 34
71 35 78 35
71 42 76 43
71 45 80 45
71 57 78 57
71 91 74 93
71 95 79 95
71 100 74 102
71 104 81 104
71 111 74 112
71 114 74 115
71 138 74 140
71 141 81 141
71 142 79 142
71 164 72 168
71 169 75 170
71 176 74 177
71 203 79 203
71 208 79 208
71 221 74 222
71 229 79 229
71 239 76 240
71 244 76 245
72 4 82 4
72 13 82 13
72 19 75 20
72 30 82 30
72 36 81 36
72 46 82 46
72 49 79 49
72 58 72 66
72 72 73 75
72 96 75 98
72 133 82 133
72 143 74 145
72 173 76 174
72 178 74 180
72 191 73 194
72 195 80 195
72 209 74 211
72 218 74 220
72 227 75 228
73 0 78 1
73 10 76 12
73 26 74 29
73 31 80 31
73 40 80 40
73 58 73 66
73 67 76 69
73 71 81 71
73 84 75 87
73 94 83 94
73 99 83 99
73 109 77 110
73 121 83 121
73 123 77 124
73 126 74 129
73 134 77 135
73 146 76 148
73 150 76 151
73 161 81 161
73 164 76 165
73 166 76 168
73 181 78 182
73 205 76 206
73 214 77 215
74 5 76 7
74 15 81 15
74 17 78 18
74 44 82 44
74 50 84 50
74 58 75 62
74 63 76 66
74 72 75 75
74 82 78 83
74 103 84 103
74 105 77 106
74 116 84 116
74 130 78 131
74 162 79 163
74 183 76 186
74 191 75 194
74 199 76 202
74 226 84 226
74 237 77 238
74 246 82 246
75 26 85 26
75 27 80 28
75 29 83 29
75 38 80 39
75 51 83 51
75 54 80 55
75 76 80 77
75 79 79 80
75 89 82 89
75 91 77 93
75 100 78 101
75 102 82 102
75 107 78 108
75 111 80 112
75 114 78 115
75 126 77 129
75 138 85 138
75 140 85 140
75 143 77 145
75 152 84 152
75 153 79 154
75 175 76 178
75 179 79 180
75 188 80 189
75 209 79 210
75 218 76 221
75 222 82 222
75 235 83 235
75 241 80 242
75 248 80 249
76 19 80 20
76 22 79 23
76 41 86 41
76 48 86 48
76 58 77 62
76 72 78 74
76 75 83 75
76 78 83 78
76 84 79 86
76 90 85 90
76 96 78 98
76 119 81 120
76 149 83 149
76 157 83 157
76 159 80 160
76 169 81 170
76 171 83 171
76 191 79 193
76 197 85 197
76 211 80 212
76 227 80 228
77 2 87 2
77 5 79 7
77 10 81 11
77 25 84 25
77 32 79 34
77 37 85 37
77 42 81 43
77 56 87 56
77 63 77 70
77 81 85 81
77 122 87 122
77 146 81 147
77 148 84 148
77 150 82 151
77 155 87 155
77 164 80 165
77 166 80 168
77 173 78 176
77 177 80 178
77 183 79 185
77 190 84 190
77 199 79 202
77 204 80 206
77 218 79 221
77 224 87 224
77 234 85 234
77 239 87 239
77 243 79 245
78 9 86 9
78 16 87 16
78 47 88 47
78 58 79 62
78 63 78 70
78 91 80 93
78 106 85 106
78 109 81 110
78 118 86 118
78 123 81 124
78 126 80 129
78 134 83 135
78 137 86 137
78 139 88 139
78 143 85 143
78 144 83 145
78 186 83 187
78 213 83 214
78 215 86 215
78 217 85 217
78 225 87 225
78 230 88 230
78 232 87 232
78 237 82 238
78 247 86 247
79 0 86 0
79 8 89 8
79 17 83 18
79 35 89 35
79 53 86 53
79 57 88 57
79 63 79 70
79 72 82 74
79 82 83 83
79 87 84 88
79 96 82 97
79 101 87 101
79 107 83 108
79 113 82 115
79 130 82 132
79 172 81 175
79 176 86 176
79 181 87 181
79 198 86 198
79 216 86 216
79 231 86 231
79 236 86 236
80 5 83 6
80 7 87 7
80 22 82 24
80 33 89 33
80 49 87 49
80 58 81 61
80 62 81 66
80 67 82 70
80 79 84 80
80 84 83 85
80 98 90 98
80 100 90 100
80 117 90 117
80 136 87 136
80 142 88 142
80 153 84 154
80 156 89 156
80 162 83 163
80 179 85 180
80 182 82 184
80 191 82 193
80 199 81 202
80 203 88 203
80 207 81 210
80 218 83 220
80 223 88 223
80 229 88 229
80 243 82 245
81 19 84 21
81 27 85 28
81 31 88 31
81 34 91 34
81 38 83 40
81 52 90 52
81 54 86 55
81 91 84 93
81 95 91 95
81 105 91 105
81 111 86 112
81 125 83 128
81 129 89 129
81 158 84 159
81 164 82 168
81 177 85 178
81 188 85 189
81 204 84 206
81 211 85 212
81 221 91 221
81 227 85 228
81 240 83 242
81 248 85 249
82 1 92 1
82 10 85 12
82 36 91 36
82 42 87 43
82 58 83 63
82 64 84 66
82 71 90 71
82 76 92 76
82 86 92 86
82 104 89 104
82 109 86 110
82 119 90 119
82 123 85 124
82 141 90 141
82 146 87 147
82 169 87 170
82 172 83 175
82 194 85 196
82 199 87 200
82 201 87 202
82 207 84 210
83 3 86 4
83 13 88 14
83 22 87 23
83 24 90 24
83 30 92 30
83 44 90 44
83 67 85 70
83 72 86 74
83 77 93 77
83 89 90 89
83 96 86 97
83 113 85 115
83 130 85 132
83 133 90 133
83 150 86 151
83 164 84 168
83 182 85 184
83 191 85 193
83 222 93 222
83 233 93 233
83 237 87 238
83 243 86 245
84 5 88 6
84 17 87 18
84 29 92 29
84 38 86 40
84 46 94 46
84 51 91 51
84 58 85 62
84 63 92 63
84 75 92 75
84 78 92 78
84 82 86 85
84 94 92 94
84 107 91 107
84 108 93 108
84 120 88 121
84 125 86 128
84 134 88 135
84 144 88 145
84 149 91 149
84 157 93 157
84 160 86 162
84 163 92 163
84 171 85 175
84 185 87 187
84 213 87 214
84 218 86 220
84 235 94 235
84 240 87 242
85 19 90 20
85 21 94 21
85 25 93 25
85 45 95 45
85 50 92 50
85 64 88 65
85 66 92 66
85 79 92 79
85 80 94 80
85 87 88 88
85 91 90 92
85 93 92 93
85 102 89 103
85 116 94 116
85 148 95 148
85 152 87 154
85 158 89 159
85 164 86 168
85 190 94 190
85 204 86 209
85 210 94 210
85 226 94 226
86 10 88 12
86 26 88 28
86 58 87 61
86 62 93 62
86 67 88 69
86 70 94 70
86 81 95 81
86 106 96 106
86 113 88 115
86 123 90 124
86 130 89 132
86 140 96 140
86 143 94 143
86 171 87 175
86 177 87 180
86 182 88 184
86 189 94 189
86 191 87 195
86 196 91 197
86 211 89 212
86 217 95 217
86 227 89 228
86 234 96 234
86 246 96 246
86 248 90 249
87 0 94 0
87 3 90 4
87 9 94 9
87 37 88 41
87 48 95 48
87 53 92 54
87 55 97 55
87 72 89 74
87 82 89 84
87 85 96 85
87 90 97 90
87 96 90 97
87 109 88 112
87 118 94 118
87 125 89 127
87 128 95 128
87 137 92 138
87 150 91 151
87 161 92 162
87 164 88 167
87 168 94 168
87 176 95 176
87 188 97 188
87 204 88 207
87 208 96 208
87 209 97 209
87 216 97 216
87 218 90 220
87 231 97 231
87 236 95 236
87 243 89 245
87 247 96 247
88 2 96 2
88 7 95 7
88 15 91 16
88 18 96 18
88 22 91 23
88 32 98 32
88 42 96 42
88 49 98 49
88 56 95 56
88 58 90 60
88 61 96 61
88 122 97 122
88 147 95 147
88 152 90 154
88 169 89 172
88 173 90 175
88 177 89 180
88 181 98 181
88 185 90 187
88 191 92 192
88 193 98 193
88 194 93 195
88 198 90 200
88 201 93 202
88 213 90 215
88 225 98 225
88 232 96 232
88 237 89 240
88 241 91 242
89 5 94 6
89 10 93 11
89 12 99 12
89 13 99 13
89 14 99 14
89 17 99 17
89 26 92 27
89 28 96 28
89 31 98 31
89 37 91 39
89 40 93 41
89 47 97 47
89 57 99 57
89 64 93 65
89 67 92 69
89 87 92 88
89 109 91 112
89 113 92 115
89 120 93 121
89 134 91 136
89 139 98 139
89 142 97 142
89 144 93 145
89 155 99 155
89 164 90 167
89 182 92 184
89 203 90 207
89 223 94 224
89 229 93 230
90 8 97 8
90 33 98 33
90 35 98 35
90 72 93 74
90 82 93 83
90 84 98 84
90 101 91 104
90 125 93 127
90 129 91 132
90 158 92 160
90 169 92 171
90 172 99 172
90 177 92 179
90 180 98 180
90 211 95 212
90 227 95 228
90 237 92 239
90 240 98 240
90 243 92 245
91 3 101 3
91 4 98 4
91 19 95 20
91 24 100 24
91 52 99 52
91 58 94 60
91 89 98 89
91 91 94 92
91 96 92 99
91 117 101 117
91 123 94 124
91 141 98 141
91 152 94 154
91 156 101 156
91 164 93 166
91 167 101 167
91 173 94 175
91 185 94 187
91 198 94 200
91 203 92 207
91 213 94 215
91 218 96 219
91 248 94 249
92 22 96 23
92 36 94 38
92 39 101 39
92 43 97 44
92 51 99 51
92 95 100 95
92 100 102 100
92 102 94 105
92 107 99 107
92 109 93 112
92 129 92 136
92 149 95 150
92 196 96 197
92 221 99 221
92 241 96 242
93 1 100 1
93 15 98 16
93 26 97 27
93 29 98 30
93 34 103 34
93 50 101 50
93 53 96 54
93 63 101 63
93 66 95 68
93 69 100 69
93 75 96 76
93 78 100 78
93 79 103 79
93 86 95 88
93 93 98 94
93 96 95 98
93 101 103 101
93 113 96 115
93 119 103 119
93 129 93 137
93 138 101 138
93 146 103 146
93 151 103 151
93 158 94 162
93 169 95 171
93 177 96 179
93 182 95 184
93 191 96 192
93 203 94 207
93 237 96 238
93 243 95 245
94 10 98 11
94 40 98 41
94 62 101 62
94 64 98 65
94 71 95 74
94 77 102 77
94 82 97 83
94 108 95 112
94 120 97 121
94 125 96 127
94 129 94 137
94 144 98 145
94 163 96 165
94 166 104 166
94 194 98 195
94 201 97 202
94 222 102 222
94 229 99 230
94 233 104 233
95 5 99 6
95 9 102 9
95 25 105 25
95 36 97 38
95 46 104 46
95 58 97 60
95 70 105 70
95 80 103 80
95 91 99 92
95 102 97 104
95 105 102 105
95 116 105 116
95 118 102 118
95 123 100 124
95 129 97 132
95 133 96 137
95 143 103 143
95 152 98 154
95 157 96 160
95 161 99 162
95 168 102 168
95 173 100 174
95 175 103 175
95 185 98 187
95 189 99 190
95 198 98 200
95 203 96 206
95 207 102 207
95 210 104 210
95 213 97 215
95 220 105 220
95 223 103 223
95 226 105 226
95 235 104 235
95 239 105 239
95 248 99 249
96 7 105 7
96 19 100 20
96 45 103 45
96 48 103 48
96 56 104 56
96 66 99 67
96 68 106 68
96 71 98 73
96 74 103 74
96 86 98 88
96 96 97 99
96 108 97 112
96 147 97 150
96 169 98 171
96 176 106 176
96 182 98 184
96 211 99 212
96 227 99 228
96 236 104 236
96 243 98 245
97 2 107 2
97 21 99 23
97 42 105 42
97 53 102 54
97 75 101 76
97 85 104 85
97 113 102 114
97 115 104 115
97 125 98 128
97 133 99 136
97 137 104 137
97 140 104 140
97 157 100 159
97 160 105 160
97 163 100 164
97 165 104 165
97 177 100 179
97 191 100 192
97 196 100 197
97 203 99 206
97 208 105 208
97 217 99 219
97 224 107 224
97 232 104 232
97 234 104 234
97 237 101 238
97 241 100 242
97 247 106 247
98 8 107 8
98 26 101 28
98 36 102 37
98 38 108 38
98 43 106 43
98 44 107 44
98 58 99 61
98 81 100 83
98 96 100 98
98 102 100 104
98 108 99 112
98 120 100 122
98 129 101 131
98 132 108 132
98 142 105 142
98 147 99 150
98 188 107 188
98 201 103 202
98 209 105 209
98 213 100 216
98 231 105 231
99 4 106 4
99 15 104 16
99 29 101 31
99 32 103 33
99 35 106 35
99 41 107 41
99 49 106 49
99 64 103 65
99 71 108 71
99 72 108 72
99 73 107 73
99 84 109 84
99 86 100 89
99 93 103 94
99 106 109 106
99 125 101 128
99 141 106 141
99 144 102 145
99 152 101 154
99 169 102 171
99 180 100 184
99 185 102 186
99 187 106 187
99 193 101 195
99 198 102 200
99 225 106 225
99 240 108 240
99 243 100 246
100 5 103 6
100 10 101 14
100 17 110 17
100 21 105 22
100 23 108 23
100 40 110 40
100 51 103 52
100 55 110 55
100 57 102 59
100 60 104 61
100 66 103 67
100 90 103 92
100 107 102 109
100 110 103 112
100 134 103 136
100 147 102 149
100 150 108 150
100 161 104 162
100 172 109 172
100 189 104 190
100 203 103 205
100 211 103 212
100 217 102 219
100 227 102 230
100 248 103 249
101 0 105 1
101 18 104 20
101 24 110 24
101 69 109 69
101 78 108 78
101 81 104 82
101 83 110 83
101 86 102 89
101 95 103 98
101 102 106 103
101 104 108 104
101 120 102 123
101 124 109 124
101 157 103 159
101 163 110 163
101 173 111 173
101 174 109 174
101 177 102 181
101 182 104 184
101 191 104 192
101 196 104 197
101 213 104 215
101 241 102 244
101 245 105 246
102 3 112 3
102 10 103 14
102 26 107 27
102 28 104 31
102 39 109 39
102 50 111 50
102 62 105 63
102 75 107 76
102 117 112 117
102 125 105 127
102 128 104 131
102 138 107 139
102 152 104 155
102 156 110 156
102 164 112 164
102 167 112 167
102 193 104 195
102 237 107 238
103 9 110 9
103 36 107 37
103 53 107 54
103 57 106 59
103 77 111 77
103 86 105 88
103 89 111 89
103 99 107 100
103 105 110 105
103 107 105 109
103 113 106 114
103 120 105 123
103 144 108 145
103 147 105 149
103 168 108 169
103 170 110 170
103 171 111 171
103 177 104 180
103 185 107 186
103 198 106 200
103 206 107 207
103 216 105 218
103 222 112 222
103 227 104 230
103 241 105 244
104 5 108 6
104 10 105 14
104 32 106 34
104 45 114 45
104 47 108 48
104 51 107 52
104 64 106 67
104 74 112 74
104 79 108 80
104 90 104 97
104 101 112 101
104 110 106 112
104 119 112 119
104 133 106 135
104 136 113 136
104 146 112 146
104 151 112 151
104 157 107 158
104 181 114 181
104 201 105 204
104 205 111 205
104 211 107 212
104 221 114 221
104 223 112 223
104 248 111 248
105 15 110 16
105 18 108 20
105 28 107 30
105 31 114 31
105 46 112 46
105 56 113 56
105 60 109 61
105 81 110 82
105 85 114 85
105 90 105 98
105 115 112 115
105 128 106 131
105 137 113 137
105 143 115 143
105 152 108 154
105 161 110 162
105 165 108 166
105 177 106 180
105 182 107 184
105 189 106 192
105 193 106 197
105 213 108 215
105 227 107 230
105 232 106 235
105 236 112 236
106 0 110 1
106 7 114 7
106 10 108 13
106 14 113 14
106 21 110 22
106 25 116 25
106 42 116 42
106 62 110 63
106 86 109 87
106 90 106 97
106 98 116 98
106 107 109 109
106 116 114 116
106 120 108 122
106 123 115 123
106 125 108 127
106 142 113 142
106 147 111 148
106 149 115 149
106 160 115 160
106 201 108 203
106 204 114 204
106 208 108 210
106 216 108 219
106 220 113 220
106 226 113 226
106 231 115 231
106 239 114 239
106 241 107 244
106 245 110 246
107 4 115 4
107 32 109 35
107 43 115 43
107 57 109 59
107 64 114 64
107 65 112 66
107 68 117 68
107 88 117 88
107 90 108 94
107 95 109 97
107 102 112 103
107 110 108 114
107 128 109 131
107 133 110 134
107 135 116 135
107 140 110 141
107 175 108 179
107 180 115 180
107 187 117 187
107 189 108 194
107 195 108 198
107 199 117 199
107 200 116 200
107 225 114 225
107 232 109 235
107 247 116 247
108 2 116 2
108 26 110 28
108 30 118 30
108 36 113 37
108 41 116 41
108 44 117 44
108 51 110 54
108 73 115 73
108 75 112 76
108 99 112 100
108 118 118 118
108 138 113 139
108 157 111 158
108 182 109 186
108 188 116 188
108 206 113 207
108 211 111 212
108 224 117 224
108 227 109 230
108 237 115 237
108 241 110 244
109 5 114 6
109 10 110 13
109 18 111 20
109 23 117 23
109 47 111 49
109 70 114 71
109 72 116 72
109 78 112 80
109 90 110 93
109 94 117 94
109 104 117 104
109 110 110 114
109 120 111 122
109 125 111 127
109 132 117 132
109 144 117 144
109 152 111 154
109 159 119 159
109 165 114 166
109 168 114 169
109 176 114 177
109 178 114 179
109 189 109 197
109 198 118 198
109 201 111 203
109 208 112 209
109 210 118 210
109 213 110 217
109 218 113 219
109 240 117 240
109 249 119 249
110 8 120 8
110 32 112 35
110 38 113 39
110 57 111 61
110 69 117 69
110 84 118 84
110 86 114 87
110 95 113 96
110 97 120 97
110 106 112 109
110 124 118 124
110 128 112 131
110 172 118 172
110 174 115 175
110 182 112 185
110 186 117 186
110 189 110 196
110 197 118 197
110 227 112 230
110 232 112 235
110 238 120 238
111 0 115 1
111 9 114 10
111 11 121 11
111 13 120 13
111 15 114 17
111 21 114 22
111 24 120 24
111 26 113 28
111 29 121 29
111 40 121 40
111 51 112 54
111 55 121 55
111 62 116 63
111 81 114 83
111 90 113 93
111 105 118 105
111 110 113 112
111 113 115 114
111 133 115 134
111 140 119 140
111 145 121 145
111 155 115 156
111 161 113 163
111 170 119 170
111 189 112 193
111 194 113 196
111 213 113 216
111 217 120 217
111 241 112 245
111 246 119 246
112 18 115 20
112 47 117 48
112 49 121 49
112 50 120 50
112 57 114 60
112 61 121 61
112 67 122 67
112 77 119 77
112 89 120 89
112 120 115 122
112 125 115 127
112 147 121 147
112 152 114 154
112 157 116 158
112 171 120 171
112 173 120 173
112 201 114 203
112 205 119 205
112 211 115 212
112 248 120 248
113 3 120 3
113 32 115 34
113 35 120 35
113 46 121 46
113 51 115 54
113 65 118 66
113 74 116 76
113 78 115 80
113 99 115 102
113 106 115 108
113 115 120 115
113 117 122 117
113 119 121 119
113 128 114 131
113 146 120 146
113 148 123 148
113 150 118 151
113 164 122 164
113 167 123 167
113 182 115 184
113 185 120 185
113 189 116 190
113 191 118 192
113 193 122 193
113 208 116 209
113 222 117 223
113 227 114 230
113 232 116 234
113 235 116 236
113 241 114 244
113 245 120 245
114 14 123 14
114 26 116 28
114 36 115 39
114 56 122 56
114 90 116 92
114 93 122 93
114 95 117 96
114 109 115 112
114 136 116 138
114 161 116 163
114 194 117 196
114 206 117 207
114 213 118 214
114 216 123 216
114 218 117 220
114 226 121 226
115 6 120 7
115 9 119 10
115 21 118 22
115 45 122 45
115 57 117 60
115 71 124 71
115 81 117 83
115 85 117 87
115 128 117 130
115 131 123 131
115 139 125 139
115 141 120 142
115 152 117 154
115 165 119 166
115 168 119 169
115 176 118 178
115 179 125 179
115 201 117 204
115 221 123 221
115 227 116 230
115 239 124 239
115 241 117 244
116 0 121 1
116 4 121 5
116 16 118 19
116 20 123 20
116 31 118 33
116 34 123 34
116 36 119 38
116 39 124 39
116 43 125 43
116 51 118 53
116 78 119 80
116 99 118 102
116 106 117 110
116 111 117 114
116 116 126 116
116 120 118 122
116 123 124 123
116 125 123 125
116 126 125 126
116 127 124 127
116 133 121 134
116 143 125 143
116 149 126 149
116 155 120 156
116 160 123 160
116 174 119 175
116 180 117 184
116 211 120 212
116 225 126 225
116 231 123 231
116 237 126 237
117 2 124 2
117 25 119 28
117 41 121 42
117 62 119 64
117 72 118 75
117 76 126 76
117 90 120 91
117 92 124 92
117 98 124 98
117 135 119 138
117 157 121 158
117 161 120 163
117 188 119 190
117 200 126 200
117 208 125 208
117 209 127 209
117 215 127 215
117 227 119 229
117 230 125 230
117 232 118 236
117 247 125 247
118 15 128 15
118 44 125 44
118 47 126 47
118 48 126 48
118 57 120 60
118 68 120 70
118 81 121 83
118 85 119 88
118 94 120 96
118 103 121 104
118 106 118 114
118 128 120 130
118 132 127 132
118 144 125 144
118 152 120 154
118 180 120 182
118 183 123 184
118 186 122 187
118 194 121 196
118 199 127 199
118 201 120 203
118 204 125 204
118 206 121 207
118 218 121 220
118 222 121 223
118 224 125 224
118 240 119 244
119 16 121 18
119 19 126 19
119 21 121 23
119 30 121 33
119 51 120 54
119 65 124 66
119 72 121 75
119 84 127 84
119 99 121 101
119 105 119 113
119 114 128 114
119 118 126 118
119 120 121 122
119 124 127 124
119 150 127 150
119 151 129 151
119 176 124 177
119 178 129 178
119 191 123 192
119 197 123 198
119 210 126 210
119 213 123 214
119 232 120 235
120 9 124 10
120 25 123 26
120 27 125 28
120 36 122 38
120 62 125 63
120 64 129 64
120 77 123 79
120 80 127 80
120 85 122 88
120 102 130 102
120 105 120 112
120 113 128 113
120 135 121 138
120 140 127 140
120 159 128 159
120 165 124 166
120 168 122 170
120 175 129 175
120 188 123 190
120 205 130 205
120 227 122 229
120 240 121 244
120 249 127 249
121 3 128 3
121 6 124 7
121 12 125 13
121 24 131 24
121 35 128 35
121 50 123 53
121 57 123 59
121 60 130 60
121 68 123 70
121 89 124 91
121 94 123 97
121 105 122 109
121 110 123 112
121 115 130 115
121 128 123 130
121 141 126 142
121 146 131 146
121 152 122 156
121 161 124 163
121 171 123 173
121 174 131 174
121 180 124 182
121 185 130 185
121 201 123 203
121 211 126 212
121 217 130 217
121 232 122 235
121 238 130 238
121 245 124 246
121 248 131 248
122 0 127 1
122 4 127 5
122 8 132 8
122 11 129 11
122 16 131 16
122 17 127 18
122 21 131 21
122 29 123 33
122 40 127 41
122 46 129 46
122 49 129 49
122 54 126 55
122 61 130 61
122 72 124 74
122 75 129 75
122 81 124 83
122 99 125 101
122 103 132 103
122 119 124 122
122 133 123 137
122 138 129 138
122 145 129 145
122 147 130 147
122 157 125 158
122 194 125 196
122 206 125 207
122 218 125 220
122 222 126 223
122 226 130 226
122 240 124 242
122 243 126 244
123 36 125 38
123 42 133 42
123 45 130 45
123 56 132 56
123 67 132 67
123 85 128 86
123 87 127 88
123 93 133 93
123 104 124 107
123 108 127 109
123 117 132 117
123 152 125 154
123 155 127 156
123 164 132 164
123 168 126 170
123 186 128 187
123 193 130 193
123 227 125 229
123 232 125 234
123 235 127 236
124 14 133 14
124 20 131 20
124 23 134 23
124 25 134 25
124 26 132 26
124 29 125 33
124 50 126 53
124 57 126 59
124 68 127 70
124 78 129 79
124 94 125 97
124 110 127 112
124 125 134 125
124 128 126 131
124 133 125 137
124 148 131 148
124 160 131 160
124 167 131 167
124 171 126 173
124 183 128 184
124 188 125 192
124 197 128 198
124 201 126 203
124 213 128 214
124 216 132 216
124 221 131 221
125 2 132 2
125 7 133 7
125 9 129 10
125 22 135 22
125 34 135 34
125 39 135 39
125 65 129 66
125 71 134 71
125 72 128 74
125 81 127 83
125 89 127 91
125 92 132 92
125 98 132 98
125 104 126 107
125 119 127 121
125 122 130 123
125 127 132 127
125 161 128 162
125 165 129 166
125 176 128 177
125 180 127 182
125 239 127 242
125 245 135 245
126 12 129 13
126 27 127 30
126 31 131 32
126 36 136 36
126 37 131 38
126 43 131 44
126 62 129 63
126 94 128 97
126 99 128 101
126 126 133 126
126 133 133 133
126 134 128 137
126 139 133 139
126 143 129 144
126 152 128 154
126 157 130 158
126 179 133 179
126 188 127 192
126 194 129 196
126 204 136 204
126 206 128 208
126 218 129 220
126 224 133 224
126 227 127 231
126 232 129 234
126 246 131 247
127 19 137 19
127 47 132 48
127 50 128 54
127 57 129 59
127 76 130 77
127 104 129 107
127 116 137 116
127 118 137 118
127 128 129 130
127 141 131 142
127 149 137 149
127 168 128 171
127 172 137 172
127 173 134 173
127 200 129 202
127 203 134 203
127 210 129 212
127 222 132 223
127 225 134 225
127 243 132 244
128 0 138 0
128 4 132 5
128 18 136 18
128 27 130 29
128 30 137 30
128 40 132 41
128 68 130 70
128 80 130 82
128 83 132 84
128 87 129 91
128 108 129 111
128 112 136 112
128 119 130 121
128 131 132 132
128 140 135 140
128 150 136 150
128 155 131 156
128 180 130 182
128 188 129 192
128 199 137 199
128 209 138 209
128 215 135 215
128 227 131 229
128 230 138 230
128 235 130 237
128 239 130 241
128 242 138 242
129 3 136 3
129 15 139 15
129 35 138 35
129 50 130 54
129 55 139 55
129 72 134 73
129 74 138 74
129 85 132 86
129 94 131 97
129 99 132 101
129 113 134 114
129 124 139 124
129 134 131 136
129 137 137 137
129 152 131 154
129 159 136 159
129 161 131 163
129 168 130 171
129 176 134 177
129 183 132 184
129 186 134 187
129 198 139 198
129 206 131 208
129 213 132 214
129 249 139 249
130 9 131 13
130 46 139 46
130 49 138 49
130 57 135 58
130 59 138 59
130 62 131 65
130 75 137 75
130 78 134 79
130 87 132 89
130 90 140 90
130 91 139 91
130 104 131 109
130 128 135 129
130 130 140 130
130 143 133 145
130 165 140 165
130 175 140 175
130 178 140 178
130 188 131 192
130 194 132 197
130 200 132 202
130 210 134 211
130 212 137 212
130 218 132 220
130 231 131 234
131 1 141 1
131 6 141 6
131 27 133 29
131 45 140 45
131 50 132 54
131 60 135 61
131 68 134 70
131 76 135 77
131 80 138 80
131 102 139 102
131 119 133 122
131 147 141 147
131 157 136 158
131 166 141 166
131 168 134 170
131 171 138 171
131 180 133 182
131 193 138 193
131 205 140 205
131 217 138 217
131 226 139 226
131 235 135 236
131 237 133 240
131 241 138 241
132 9 133 13
132 16 139 16
132 20 136 21
132 31 135 32
132 37 137 38
132 43 137 44
132 62 133 65
132 66 142 66
132 94 134 97
132 104 132 111
132 134 135 136
132 138 142 138
132 141 135 142
132 146 139 146
132 148 139 148
132 151 133 156
132 160 133 163
132 167 139 167
132 188 133 191
132 192 140 192
132 206 135 208
132 221 139 221
132 227 135 229
132 231 135 233
132 234 140 234
132 246 135 248
133 2 141 2
133 4 137 5
133 8 142 8
133 24 143 24
133 26 143 26
133 40 143 40
133 41 141 41
133 47 136 48
133 50 134 53
133 54 141 54
133 56 141 56
133 67 141 67
133 81 134 86
133 87 135 89
133 92 140 92
133 98 135 100
133 101 142 101
133 103 133 110
133 117 142 117
133 127 142 127
133 131 136 132
133 164 141 164
133 183 142 183
133 184 138 185
133 194 135 197
133 200 136 201
133 202 140 202
133 213 137 214
133 216 141 216
133 218 135 220
134 7 141 7
134 9 135 13
134 17 144 17
134 27 136 29
134 42 143 42
134 62 135 65
134 103 134 110
134 115 144 115
134 119 135 122
134 126 142 126
134 133 141 133
134 139 141 139
134 143 139 144
134 151 135 156
134 160 136 163
134 179 135 182
134 188 136 190
134 191 141 191
134 222 136 224
134 237 136 239
134 240 141 240
134 244 144 244
135 50 137 53
135 68 136 72
135 73 143 73
135 78 138 79
135 81 136 85
135 86 144 86
135 93 139 94
135 95 138 97
135 103 135 110
135 113 139 114
135 123 145 123
135 125 142 125
135 168 138 170
135 173 138 174
135 176 140 177
135 186 139 187
135 203 143 203
135 210 139 211
135 225 142 225
136 9 137 13
136 14 146 14
136 22 145 22
136 25 146 25
136 31 141 32
136 34 143 34
136 39 146 39
136 57 141 58
136 60 137 64
136 65 143 65
136 77 146 77
136 87 138 89
136 98 139 100
136 103 137 107
136 108 145 108
136 110 141 111
136 119 138 122
136 128 140 129
136 134 139 136
136 140 139 141
136 151 137 155
136 179 139 180
136 181 146 181
136 182 144 182
136 194 140 195
136 196 140 197
136 206 138 208
136 215 145 215
136 218 138 220
136 227 138 229
136 231 138 233
136 235 141 236
136 245 138 247
136 248 146 248
137 3 147 3
137 18 144 18
137 20 141 21
137 27 139 29
137 36 145 36
137 48 145 48
137 68 138 72
137 81 138 85
137 109 147 109
137 112 144 112
137 131 141 132
137 156 137 163
137 188 140 190
137 200 141 201
137 204 144 204
137 222 139 224
137 237 140 239
138 4 142 5
138 9 140 12
138 13 147 13
138 19 146 19
138 23 148 23
138 30 148 30
138 37 147 37
138 38 147 38
138 43 141 44
138 47 148 47
138 50 139 53
138 60 140 62
138 63 142 64
138 75 143 76
138 103 140 106
138 107 145 107
138 116 147 116
138 118 146 118
138 137 145 137
138 149 141 151
138 152 138 161
138 162 142 163
138 172 148 172
138 199 145 199
138 212 140 214
139 0 148 0
139 49 147 49
139 59 146 59
139 68 140 72
139 74 149 74
139 78 141 81
139 82 149 82
139 83 142 85
139 87 141 89
139 95 142 97
139 119 141 121
139 122 147 122
139 142 149 142
139 152 140 155
139 156 141 159
139 160 142 161
139 168 141 171
139 173 144 174
139 184 149 184
139 193 149 193
139 206 142 208
139 209 147 209
139 217 141 219
139 220 147 220
139 227 140 231
139 232 143 233
139 241 141 243
139 245 142 247
140 15 143 16
140 27 143 29
140 50 142 53
140 93 143 94
140 98 142 100
140 113 145 114
140 124 150 124
140 134 142 136
140 140 143 141
140 143 142 145
140 148 150 148
140 167 147 167
140 179 144 180
140 185 142 187
140 198 148 198
140 210 145 211
140 221 142 224
140 249 147 249
141 9 143 11
141 12 151 12
141 45 149 45
141 46 151 46
141 61 150 61
141 62 150 62
141 68 142 71
141 72 148 72
141 90 143 92
141 102 142 105
141 106 150 106
141 128 143 130
141 152 143 154
141 165 148 165
141 175 142 178
141 188 144 190
141 192 148 192
141 194 144 196
141 202 151 202
141 205 148 205
141 212 143 214
141 226 142 231
141 234 148 234
141 237 146 238
142 1 145 2
142 6 147 7
142 20 146 21
142 31 144 33
142 41 151 41
142 43 146 44
142 54 143 58
142 67 152 67
142 78 144 81
142 87 145 88
142 89 149 89
142 111 152 111
142 119 144 121
142 131 145 133
142 139 151 139
142 147 151 147
142 149 144 151
142 155 143 159
142 166 152 166
142 168 144 171
142 191 150 191
142 200 147 201
142 216 144 218
142 219 152 219
142 235 146 236
142 239 143 242
143 4 148 5
143 50 145 52
143 60 153 60
143 63 146 64
143 66 150 66
143 68 145 70
143 83 146 85
143 95 145 97
143 98 146 100
143 101 145 103
143 104 147 105
143 117 152 117
143 125 145 127
143 134 145 136
143 138 151 138
143 143 145 145
143 146 153 146
143 160 144 164
143 175 145 178
143 183 150 183
143 185 146 186
143 187 151 187
143 208 152 208
143 221 143 230
143 245 146 247
144 9 147 11
144 15 147 16
144 24 153 24
144 26 146 28
144 29 151 29
144 34 148 35
144 42 154 42
144 53 146 56
144 57 147 58
144 65 152 65
144 73 154 73
144 75 154 75
144 91 153 91
144 92 153 92
144 93 148 94
144 128 147 129
144 130 151 130
144 140 147 141
144 152 146 154
144 157 147 159
144 203 153 203
144 212 146 214
144 221 144 229
144 230 147 232
144 239 145 243
145 17 150 18
145 31 147 33
145 78 148 80
145 81 155 81
145 86 152 86
145 112 152 112
145 119 147 121
145 149 150 150
145 151 152 151
145 160 146 164
145 168 147 171
145 173 149 174
145 179 150 180
145 182 152 182
145 188 153 188
145 189 149 190
145 194 146 197
145 207 155 207
145 216 147 218
145 221 145 228
145 229 152 229
145 233 155 233
146 1 149 2
146 22 153 22
146 36 154 36
146 40 156 40
146 48 155 48
146 50 148 52
146 68 147 71
146 87 151 88
146 95 149 97
146 101 148 103
146 107 149 108
146 113 150 114
146 123 155 123
146 125 156 125
146 126 155 126
146 127 156 127
146 131 147 134
146 135 150 136
146 137 156 137
146 143 148 145
146 175 148 178
146 204 156 204
146 206 156 206
146 210 149 211
146 215 155 215
146 221 146 228
146 239 147 242
147 14 155 14
147 19 149 21
147 25 149 27
147 28 154 28
147 39 154 39
147 43 150 44
147 53 148 56
147 59 155 59
147 63 150 64
147 76 151 77
147 83 150 85
147 98 149 100
147 118 156 118
147 152 149 154
147 155 157 155
147 160 148 163
147 164 155 164
147 185 152 186
147 194 149 196
147 212 150 214
147 221 148 225
147 226 150 228
147 235 149 238
147 243 157 243
147 245 149 248
148 3 156 3
148 6 149 11
148 13 156 13
148 15 151 16
148 31 151 33
148 37 151 38
148 49 158 49
148 57 152 58
148 68 150 71
148 90 158 90
148 104 152 105
148 109 157 109
148 115 153 116
148 119 151 121
148 128 152 129
148 131 151 133
148 140 152 141
148 156 150 158
148 159 156 159
148 167 149 171
148 199 150 201
148 209 158 209
148 216 151 217
148 218 155 218
148 220 157 220
148 230 150 232
148 239 149 242
149 0 156 0
149 4 152 5
149 23 157 23
149 30 157 30
149 34 153 35
149 47 158 47
149 50 150 55
149 72 156 72
149 78 151 80
149 93 152 94
149 101 151 103
149 110 159 110
149 122 159 122
149 134 159 134
149 143 151 145
149 160 150 163
149 165 159 165
149 172 157 172
149 175 150 178
149 192 158 192
149 197 153 198
149 205 159 205
149 221 151 224
149 225 157 225
149 234 156 234
149 249 159 249
150 1 155 2
150 6 151 9
150 10 154 11
150 19 153 21
150 25 152 27
150 45 157 45
150 74 157 74
150 82 157 82
150 95 151 98
150 99 155 100
150 107 154 108
150 142 157 142
150 152 153 154
150 167 151 171
150 173 154 174
150 189 157 189
150 193 151 196
150 210 154 211
150 235 151 239
150 240 152 242
150 244 152 246
150 247 154 248
151 17 155 18
151 43 156 44
151 50 156 51
151 52 152 56
151 61 152 64
151 68 153 70
151 71 159 71
151 83 153 85
151 89 161 89
151 106 158 106
151 113 155 114
151 135 155 136
151 148 153 150
151 156 154 158
151 160 152 163
151 175 153 177
151 178 154 179
151 180 158 180
151 183 155 184
151 190 161 190
151 191 161 191
151 199 153 201
151 212 160 212
151 213 156 214
151 226 153 228
151 230 154 231
151 232 160 232
152 6 153 9
152 12 160 12
152 15 155 16
152 29 161 29
152 31 154 33
152 37 156 38
152 46 161 46
152 66 162 66
152 76 157 77
152 78 154 80
152 87 155 88
152 95 153 98
152 101 156 102
152 103 159 103
152 119 154 121
152 130 153 133
152 138 157 139
152 143 154 145
152 147 160 147
152 167 153 171
152 187 161 187
152 193 153 196
152 202 161 202
152 216 155 217
152 221 154 223
152 224 159 224
152 235 153 239
153 4 156 5
153 25 162 25
153 26 161 26
153 27 161 27
153 52 154 57
153 61 154 65
153 67 160 67
153 93 158 94
153 104 158 105
153 111 156 112
153 117 160 117
153 124 163 124
153 128 157 129
153 140 163 140
153 151 160 151
153 160 154 163
153 166 160 166
153 181 156 182
153 185 157 186
153 208 160 208
153 219 161 219
153 229 160 229
153 240 156 242
153 244 155 246
154 6 157 8
154 9 162 9
154 19 156 22
154 24 164 24
154 34 159 35
154 41 164 41
154 58 164 58
154 60 163 60
154 68 156 70
154 83 159 84
154 85 158 86
154 92 164 92
154 95 155 98
154 115 159 116
154 130 156 133
154 146 161 146
154 148 156 150
154 152 156 154
154 167 155 171
154 175 157 176
154 177 163 177
154 188 161 188
154 193 155 196
154 197 155 200
154 203 163 203
154 226 156 228
154 235 156 238
155 10 160 11
155 31 157 33
155 36 162 36
155 39 163 39
155 52 157 55
155 56 159 57
155 61 157 63
155 64 160 65
155 73 163 73
155 75 164 75
155 78 158 80
155 107 158 108
155 119 157 121
155 143 160 144
155 156 157 158
155 160 156 163
155 173 158 174
155 178 159 179
155 210 158 211
155 221 157 223
155 230 159 231
155 247 159 248
156 1 164 1
156 2 166 2
156 14 160 15
156 16 160 17
156 18 166 18
156 59 163 59
156 81 164 81
156 87 159 88
156 95 157 98
156 99 159 100
156 113 160 114
156 126 163 126
156 135 160 136
156 167 157 171
156 183 161 184
156 193 157 196
156 197 157 200
156 207 165 207
156 215 160 216
156 217 161 218
156 233 164 233
156 244 158 246
157 3 160 5
157 19 158 22
157 37 160 38
157 42 159 44
157 50 160 51
157 68 159 70
157 72 165 72
157 101 160 102
157 111 161 112
157 125 164 125
157 127 165 127
157 130 159 133
157 137 167 137
157 145 167 145
157 148 160 149
157 150 165 150
157 152 160 154
157 159 158 162
157 163 160 164
157 181 161 182
157 204 166 204
157 206 166 206
157 213 160 214
157 226 160 228
157 234 160 235
157 236 160 238
157 239 159 242
158 6 160 8
158 13 168 13
158 23 165 23
158 30 160 33
158 45 166 45
158 52 159 55
158 61 161 63
158 74 165 74
158 76 161 77
158 91 168 91
158 95 159 98
158 109 167 109
158 118 160 120
158 121 167 121
158 128 163 129
158 138 163 139
158 141 162 142
158 155 159 158
158 167 159 172
158 175 162 176
158 185 165 185
158 189 165 189
158 193 158 200
158 220 160 222
158 225 166 225
158 243 167 243
159 19 161 21
159 22 167 22
159 47 161 49
159 78 162 80
159 85 163 86
159 93 163 94
159 104 160 108
159 159 161 161
159 162 167 162
159 174 169 174
159 192 159 201
159 209 161 211
159 223 169 223
159 244 162 246
160 34 165 35
160 40 170 40
160 43 165 44
160 52 161 55
160 56 164 57
160 68 162 71
160 82 163 84
160 87 165 88
160 95 161 98
160 99 165 100
160 103 168 103
160 110 169 110
160 115 163 116
160 122 163 123
160 130 161 134
160 155 169 155
160 156 165 157
160 158 170 158
160 165 167 165
160 167 161 171
160 172 165 173
160 178 163 179
160 186 170 186
160 192 161 197
160 198 161 201
160 205 167 205
160 224 170 224
160 230 165 231
160 239 162 241
160 242 167 242
160 247 162 249
161 0 171 0
161 3 162 7
161 8 169 8
161 10 163 12
161 14 163 16
161 30 162 33
161 37 166 38
161 42 171 42
161 50 166 51
161 64 165 65
161 101 164 102
161 104 169 104
161 105 163 108
161 113 165 114
161 117 163 119
161 120 170 120
161 135 170 135
161 143 164 144
161 147 163 149
161 151 162 154
161 163 165 164
161 166 168 166
161 212 162 216
161 220 164 222
161 226 163 228
161 229 169 229
161 232 171 232
161 234 164 236
161 237 165 238
162 19 164 21
162 26 164 28
162 46 164 48
162 52 164 55
162 61 165 63
162 76 167 77
162 89 170 89
162 95 164 97
162 111 166 112
162 130 164 133
162 134 169 134
162 146 169 146
162 159 164 161
162 167 164 170
162 171 172 171
162 180 163 183
162 187 166 188
162 190 162 199
162 200 172 200
162 202 169 202
162 208 164 211
162 217 164 219
163 3 164 7
163 9 170 9
163 25 170 25
163 29 166 31
163 36 170 36
163 66 164 69
163 70 167 71
163 78 165 80
163 90 173 90
163 141 168 142
163 151 165 154
163 175 167 176
163 190 163 197
163 199 170 199
163 212 164 216
163 239 165 241
163 244 164 247
163 248 167 249
164 10 166 12
164 14 166 17
164 39 174 39
164 59 169 60
164 73 171 73
164 82 165 86
164 93 169 94
164 98 174 98
164 105 166 107
164 108 171 108
164 115 166 118
164 122 166 124
164 126 172 126
164 128 174 128
164 138 166 140
164 147 167 148
164 177 165 182
164 183 169 184
164 190 165 194
164 195 167 197
164 203 171 203
164 226 166 228
165 3 167 5
165 19 167 21
165 26 168 28
165 46 174 46
165 47 168 49
165 52 166 56
165 57 169 58
165 66 167 68
165 81 174 81
165 92 173 92
165 95 167 97
165 101 168 102
165 125 174 125
165 129 166 133
165 143 169 144
165 159 167 161
165 167 167 170
165 208 165 215
165 216 166 220
165 221 168 222
165 233 167 236
165 244 167 246
165 247 172 247
166 1 176 1
166 6 176 6
166 7 176 7
166 23 169 24
166 32 168 35
166 43 170 44
166 61 168 63
166 64 169 65
166 69 176 69
166 72 173 72
166 74 169 75
166 78 174 78
166 79 171 80
166 82 168 85
166 86 169 87
166 88 173 88
166 99 170 100
166 113 169 114
166 119 176 119
166 127 173 127
166 136 176 136
166 149 167 154
166 156 169 157
166 163 169 164
166 172 169 173
166 177 167 181
166 182 174 182
166 185 174 185
166 189 167 192
166 193 170 194
166 198 176 198
166 201 176 201
166 207 167 212
166 213 168 215
166 230 170 231
166 237 168 239
166 240 173 240
166 241 175 241
167 10 170 12
167 14 168 17
167 18 175 18
167 29 170 31
167 37 171 38
167 50 169 53
167 54 172 55
167 56 175 56
167 105 172 106
167 107 174 107
167 111 170 112
167 115 169 117
167 118 176 118
167 122 170 123
167 129 169 132
167 138 169 140
167 187 172 188
167 204 175 204
167 206 177 206
167 216 168 220
167 225 175 225
167 226 172 227
167 228 174 228
168 2 169 5
168 19 170 21
168 22 175 22
168 66 172 67
168 68 177 68
168 70 171 71
168 76 172 77
168 95 170 97
168 121 178 121
168 137 175 137
168 145 175 145
168 147 169 151
168 152 170 154
168 159 169 162
168 165 176 165
168 167 171 168
168 175 169 179
168 180 178 180
168 189 170 191
168 196 173 197
168 205 176 205
168 207 169 210
168 212 177 212
168 233 170 236
168 242 169 245
168 248 171 249
169 13 177 13
169 14 172 16
169 26 171 28
169 32 171 35
169 45 179 45
169 47 172 48
169 49 177 49
169 61 172 62
169 63 178 63
169 82 171 84
169 85 178 85
169 91 176 91
169 101 171 103
169 133 179 133
169 141 173 142
169 166 178 166
169 181 179 181
169 195 179 195
169 211 179 211
169 213 169 221
169 222 176 222
169 237 172 238
169 239 179 239
170 2 173 4
170 8 177 8
170 23 174 24
170 41 180 41
170 50 171 53
170 57 172 60
170 64 174 65
170 74 173 75
170 86 175 87
170 93 174 94
170 104 180 104
170 113 171 116
170 117 180 117
170 129 171 132
170 138 174 139
170 143 173 144
170 146 171 149
170 150 173 151
170 155 172 157
170 159 172 162
170 163 174 164
170 172 170 179
170 183 173 184
170 202 177 202
170 207 172 209
170 213 171 216
170 217 171 220
170 221 178 221
170 223 177 223
170 229 179 229
170 242 171 245
170 246 180 246
171 9 173 11
171 12 181 12
171 19 179 19
171 20 176 21
171 25 178 25
171 29 173 31
171 40 178 40
171 43 181 43
171 44 180 44
171 89 179 89
171 95 173 97
171 99 176 100
171 109 173 112
171 122 173 124
171 134 176 135
171 152 173 154
171 169 181 169
171 172 174 173
171 174 175 175
171 176 173 178
171 179 178 179
171 186 178 186
171 189 172 193
171 194 179 194
171 199 178 199
171 224 180 224
171 230 174 231
171 233 173 236
172 0 180 0
172 26 174 28
172 32 173 36
172 37 176 38
172 42 179 42
172 50 173 53
172 70 176 71
172 73 180 73
172 80 182 80
172 82 175 84
172 101 174 103
172 113 174 115
172 116 179 116
172 120 182 120
172 129 173 132
172 146 173 149
172 167 176 168
172 213 172 220
172 232 179 232
172 242 174 244
172 245 182 245
172 248 175 249
173 14 175 17
173 47 177 48
173 54 176 55
173 57 174 60
173 61 177 62
173 66 177 67
173 76 178 77
173 105 182 105
173 106 183 106
173 108 183 108
173 126 181 126
173 155 175 157
173 158 175 160
173 161 176 162
173 170 178 171
173 187 174 190
173 191 176 192
173 193 180 193
173 200 180 200
173 207 175 209
173 213 174 216
173 217 175 220
173 226 183 226
173 237 178 238
173 247 182 247
174 2 176 5
174 9 176 11
174 29 175 34
174 35 178 36
174 50 176 53
174 74 178 75
174 88 183 88
174 90 181 90
174 92 182 92
174 95 176 97
174 109 175 112
174 122 177 123
174 127 181 127
174 129 177 131
174 140 176 143
174 144 181 144
174 146 174 153
174 154 183 154
174 176 177 177
174 183 177 184
174 196 179 197
174 233 176 236
174 240 181 240
175 23 178 24
175 26 177 28
175 39 182 39
175 46 184 46
175 57 177 59
175 60 182 60
175 64 180 65
175 78 179 79
175 81 183 81
175 93 179 94
175 98 184 98
175 101 177 103
175 107 185 107
175 113 180 114
175 115 183 115
175 124 179 125
175 128 182 128
175 138 178 139
175 146 176 150
175 151 179 152
175 163 179 164
175 172 179 173
175 178 185 178
175 185 185 185
175 187 177 190
175 213 177 215
175 216 183 216
175 227 179 228
175 230 178 231
175 242 180 243
176 14 177 17
176 18 183 18
176 29 177 32
176 33 181 34
176 56 183 56
176 82 179 83
176 86 185 86
176 110 185 110
176 145 183 145
176 155 177 159
176 160 184 160
176 174 180 175
176 203 181 204
176 207 177 210
176 217 177 220
176 248 181 249
177 1 178 5
177 6 181 7
177 9 179 11
177 20 180 21
177 37 181 38
177 50 178 55
177 69 179 71
177 91 186 91
177 95 179 97
177 100 185 100
177 118 180 119
177 134 179 136
177 137 187 137
177 140 179 143
177 146 179 148
177 149 181 150
177 162 184 162
177 165 184 165
177 167 181 168
177 182 187 182
177 191 182 192
177 201 185 201
177 205 185 205
177 222 185 222
177 233 179 235
177 236 187 236
178 8 185 8
178 13 179 16
178 26 179 29
178 30 180 32
178 47 180 49
178 57 180 59
178 61 182 62
178 66 181 68
178 72 188 72
178 84 188 84
178 87 188 87
178 99 188 99
178 101 185 101
178 102 188 102
178 103 186 103
178 111 188 111
178 112 188 112
178 122 181 123
178 129 180 132
178 155 179 158
178 159 187 159
178 176 183 177
178 183 182 184
178 187 179 190
178 202 187 202
178 206 179 209
178 210 186 210
178 212 180 214
178 215 188 215
178 217 179 220
178 223 185 223
179 1 181 4
179 5 186 5
179 22 181 25
179 35 183 36
179 40 186 40
179 50 180 53
179 54 183 55
179 63 186 63
179 74 181 77
179 109 189 109
179 121 188 121
179 138 182 139
179 153 189 153
179 166 186 166
179 170 184 171
179 179 182 180
179 186 186 186
179 198 183 199
179 221 189 221
179 230 184 231
179 237 182 238
180 9 182 11
180 13 182 15
180 16 184 17
180 19 188 19
180 26 182 29
180 42 187 42
180 45 189 45
180 69 190 69
180 70 184 71
180 78 185 79
180 82 184 83
180 85 190 85
180 89 187 89
180 93 184 94
180 95 182 97
180 116 189 116
180 124 184 125
180 133 182 136
180 140 182 142
180 143 187 143
180 146 183 148
180 151 185 152
180 156 184 157
180 163 183 164
180 172 183 173
180 181 190 181
180 187 183 188
180 189 185 190
180 194 184 195
180 196 184 197
180 206 181 209
180 211 190 211
180 217 182 220
180 227 183 229
180 232 182 234
180 235 189 235
180 239 189 239
180 241 190 241
181 0 191 0
181 20 186 21
181 30 184 32
181 41 188 41
181 48 190 48
181 49 186 50
181 51 184 53
181 57 183 59
181 64 190 64
181 73 188 73
181 104 190 104
181 113 185 114
181 117 184 119
181 129 182 132
181 161 191 161
181 174 190 174
181 193 190 193
181 200 188 200
181 212 183 214
181 224 185 225
181 242 184 243
181 246 189 246
182 1 184 3
182 4 189 4
182 6 186 7
182 12 190 12
182 22 183 25
182 33 186 34
182 37 187 38
182 43 185 44
182 66 185 68
182 74 184 77
182 90 192 90
182 122 186 123
182 126 185 127
182 149 187 150
182 167 184 169
182 203 185 204
182 206 191 206
182 207 187 208
182 209 191 209
182 240 191 240
182 244 192 244
182 248 187 249
183 9 185 11
183 13 185 15
183 26 185 29
183 39 191 39
183 61 192 61
183 62 193 62
183 80 190 80
183 92 192 92
183 95 186 97
183 105 190 105
183 120 192 120
183 128 185 130
183 131 187 132
183 134 186 136
183 138 184 142
183 158 193 158
183 175 193 175
183 179 186 180
183 183 186 184
183 191 187 192
183 217 185 219
183 220 193 220
183 232 186 234
183 237 186 238
183 245 191 245
183 247 192 247
184 22 187 24
184 25 194 25
184 35 193 35
184 54 185 58
184 59 189 60
184 81 193 81
184 88 194 88
184 106 191 106
184 108 191 108
184 115 192 115
184 144 185 148
184 154 188 155
184 163 188 164
184 173 193 173
184 176 189 177
184 187 188 188
184 198 188 199
184 212 186 214
184 216 191 216
184 226 186 228
185 3 192 3
185 16 187 18
185 30 187 32
185 46 188 47
185 51 188 53
185 70 189 71
185 74 186 77
185 82 188 83
185 93 188 94
185 98 194 98
185 117 187 119
185 124 188 125
185 133 195 133
185 138 186 141
185 142 193 142
185 156 189 157
185 162 192 162
185 165 192 165
185 167 186 171
185 194 188 196
185 197 192 197
185 229 187 231
185 242 190 243
186 8 188 11
186 13 191 14
186 15 194 15
186 26 188 28
186 29 193 29
186 43 189 44
186 54 189 56
186 57 190 58
186 65 188 67
186 78 189 79
186 86 195 86
186 100 190 101
186 107 195 107
186 113 191 114
186 126 188 128
186 129 189 130
186 144 187 148
186 151 189 152
186 172 196 172
186 185 193 185
186 189 190 190
186 203 188 205
186 217 189 219
186 222 189 223
186 224 193 224
186 225 196 225
187 5 189 7
187 20 190 21
187 33 190 34
187 40 196 40
187 49 190 50
187 63 196 63
187 74 189 77
187 91 196 91
187 95 196 95
187 96 192 97
187 103 196 103
187 110 197 110
187 122 190 123
187 134 196 134
187 135 197 135
187 138 189 141
187 166 188 169
187 170 191 171
187 178 190 180
187 183 191 184
187 186 194 186
187 201 197 201
187 210 194 210
187 212 189 214
187 226 189 228
187 232 190 233
187 234 196 234
187 237 190 238
188 16 190 18
188 22 190 24
188 30 190 32
188 37 193 38
188 42 195 42
188 89 197 89
188 117 190 119
188 131 192 132
188 137 196 137
188 143 189 148
188 149 195 149
188 150 197 150
188 159 191 160
188 182 195 182
188 192 195 192
188 202 197 202
188 207 192 208
188 229 190 231
188 236 197 236
188 248 192 249
189 2 199 2
189 8 190 11
189 19 197 19
189 26 191 28
189 46 193 47
189 51 191 53
189 65 192 67
189 72 193 73
189 82 191 84
189 87 198 87
189 93 193 94
189 102 196 102
189 111 193 112
189 121 196 121
189 124 190 128
189 154 192 155
189 163 194 164
189 166 192 168
189 187 193 188
189 194 194 195
189 196 197 196
189 198 192 200
189 203 191 205
189 215 197 215
190 4 191 7
190 43 193 44
190 45 197 45
190 54 192 56
190 59 195 60
190 70 195 71
190 74 191 78
190 79 198 79
190 109 197 109
190 116 197 116
190 129 195 130
190 138 192 141
190 143 191 146
190 147 194 148
190 151 192 153
190 156 195 157
190 176 194 177
190 212 193 214
190 217 192 219
190 221 193 223
190 226 193 228
190 235 197 235
190 239 197 239
190 246 197 246
191 8 193 11
191 16 193 18
191 20 192 24
191 30 192 33
191 34 198 34
191 48 193 50
191 57 194 58
191 64 199 64
191 68 195 69
191 85 198 85
191 99 193 101
191 117 194 119
191 122 192 127
191 174 199 174
191 178 193 181
191 189 194 190
191 193 199 193
191 229 192 232
191 233 199 233
191 237 199 237
191 241 194 242
192 0 196 1
192 4 196 5
192 6 196 7
192 12 194 14
192 26 194 28
192 39 199 39
192 51 194 53
192 74 193 78
192 82 194 84
192 104 195 106
192 113 196 114
192 143 194 146
192 160 197 161
192 169 194 171
192 183 196 184
192 203 194 206
192 216 199 216
192 240 199 240
193 20 194 23
193 30 195 32
193 54 196 56
193 65 197 66
193 96 197 97
193 122 194 126
193 127 197 128
193 131 196 132
193 138 195 140
193 151 194 155
193 165 195 167
193 197 196 199
193 207 195 209
193 217 196 219
193 229 196 231
193 243 195 245
193 247 195 249
194 8 196 10
194 35 195 38
194 43 197 44
194 46 195 50
194 61 198 62
194 72 195 76
194 77 198 78
194 80 198 81
194 92 196 94
194 100 199 101
194 111 198 112
194 141 199 142
194 158 198 159
194 178 196 180
194 187 198 188
194 211 195 214
194 220 195 223
194 226 197 228
195 11 195 18
195 20 195 27
195 28 198 29
195 51 197 53
195 57 198 58
195 117 197 120
195 143 196 147
195 151 196 154
195 162 198 164
195 168 198 169
195 170 199 171
195 175 197 177
195 189 197 191
195 194 198 195
195 203 196 206
195 241 199 242
196 11 197 15
196 20 197 24
196 25 199 27
196 30 198 32
196 35 198 38
196 41 199 42
196 46 197 50
196 67 196 74
196 104 198 107
196 122 199 124
196 138 199 139
196 148 199 149
196 207 198 210
196 211 197 214
196 220 197 223
196 243 199 245
196 247 198 249
197 3 198 7
197 8 199 10
197 67 198 70
197 71 198 74
197 90 198 95
197 113 199 115
197 129 198 133
197 151 198 155
197 178 197 186
197 197 199 200
197 203 199 205
197 229 199 232
198 11 199 15
198 43 198 51
198 116 199 120
198 175 198 182
198 183 199 186
198 211 199 214
198 217 198 226
199 16 199 24
199 28 199 37
199 45 199 55
199 65 199 72
199 83 199 93
199 102 199 111
199 125 199 132
199 151 199 161
199 162 199 169
199 175 199 182
199 217 199 225
